CRITICAL - 2021-04-19 12:48:47 --> Invalid file: dashboard/index.php
#0 /Users/everton/MAPP/apache2/htdocs/bets/system/View/View.php(203): CodeIgniter\Exceptions\FrameworkException::forInvalidFile()
#1 /Users/everton/MAPP/apache2/htdocs/bets/system/Common.php(1217): CodeIgniter\View\View->render()
#2 /Users/everton/MAPP/apache2/htdocs/bets/app/Controllers/Dashboard.php(9): view()
#3 /Users/everton/MAPP/apache2/htdocs/bets/system/CodeIgniter.php(936): App\Controllers\Dashboard->index()
#4 /Users/everton/MAPP/apache2/htdocs/bets/system/CodeIgniter.php(432): CodeIgniter\CodeIgniter->runController()
#5 /Users/everton/MAPP/apache2/htdocs/bets/system/CodeIgniter.php(333): CodeIgniter\CodeIgniter->handleRequest()
#6 /Users/everton/MAPP/apache2/htdocs/bets/index.php(44): CodeIgniter\CodeIgniter->run()
#7 {main}
CRITICAL - 2021-04-19 13:01:43 --> Call to undefined method CodeIgniter\View\View::extends()
#0 /Users/everton/MAPP/apache2/htdocs/bets/system/View/View.php(220): include()
#1 /Users/everton/MAPP/apache2/htdocs/bets/system/View/View.php(222): CodeIgniter\View\View->CodeIgniter\View\{closure}()
#2 /Users/everton/MAPP/apache2/htdocs/bets/system/Common.php(1217): CodeIgniter\View\View->render()
#3 /Users/everton/MAPP/apache2/htdocs/bets/app/Controllers/Dashboard.php(9): view()
#4 /Users/everton/MAPP/apache2/htdocs/bets/system/CodeIgniter.php(936): App\Controllers\Dashboard->index()
#5 /Users/everton/MAPP/apache2/htdocs/bets/system/CodeIgniter.php(432): CodeIgniter\CodeIgniter->runController()
#6 /Users/everton/MAPP/apache2/htdocs/bets/system/CodeIgniter.php(333): CodeIgniter\CodeIgniter->handleRequest()
#7 /Users/everton/MAPP/apache2/htdocs/bets/index.php(44): CodeIgniter\CodeIgniter->run()
#8 {main}
CRITICAL - 2021-04-19 17:50:30 --> Invalid file: regulamento/index.php
#0 /Users/everton/MAPP/apache2/htdocs/bets/system/View/View.php(203): CodeIgniter\Exceptions\FrameworkException::forInvalidFile()
#1 /Users/everton/MAPP/apache2/htdocs/bets/system/Common.php(1217): CodeIgniter\View\View->render()
#2 /Users/everton/MAPP/apache2/htdocs/bets/app/Controllers/Regulamento.php(9): view()
#3 /Users/everton/MAPP/apache2/htdocs/bets/system/CodeIgniter.php(936): App\Controllers\Regulamento->index()
#4 /Users/everton/MAPP/apache2/htdocs/bets/system/CodeIgniter.php(432): CodeIgniter\CodeIgniter->runController()
#5 /Users/everton/MAPP/apache2/htdocs/bets/system/CodeIgniter.php(333): CodeIgniter\CodeIgniter->handleRequest()
#6 /Users/everton/MAPP/apache2/htdocs/bets/index.php(44): CodeIgniter\CodeIgniter->run()
#7 {main}
CRITICAL - 2021-04-19 17:50:35 --> Invalid file: regulamento/index.php
#0 /Users/everton/MAPP/apache2/htdocs/bets/system/View/View.php(203): CodeIgniter\Exceptions\FrameworkException::forInvalidFile()
#1 /Users/everton/MAPP/apache2/htdocs/bets/system/Common.php(1217): CodeIgniter\View\View->render()
#2 /Users/everton/MAPP/apache2/htdocs/bets/app/Controllers/Regulamento.php(9): view()
#3 /Users/everton/MAPP/apache2/htdocs/bets/system/CodeIgniter.php(936): App\Controllers\Regulamento->index()
#4 /Users/everton/MAPP/apache2/htdocs/bets/system/CodeIgniter.php(432): CodeIgniter\CodeIgniter->runController()
#5 /Users/everton/MAPP/apache2/htdocs/bets/system/CodeIgniter.php(333): CodeIgniter\CodeIgniter->handleRequest()
#6 /Users/everton/MAPP/apache2/htdocs/bets/index.php(44): CodeIgniter\CodeIgniter->run()
#7 {main}
CRITICAL - 2021-04-19 17:50:47 --> Invalid file: regulamento/index.php
#0 /Users/everton/MAPP/apache2/htdocs/bets/system/View/View.php(203): CodeIgniter\Exceptions\FrameworkException::forInvalidFile()
#1 /Users/everton/MAPP/apache2/htdocs/bets/system/Common.php(1217): CodeIgniter\View\View->render()
#2 /Users/everton/MAPP/apache2/htdocs/bets/app/Controllers/Regulamento.php(9): view()
#3 /Users/everton/MAPP/apache2/htdocs/bets/system/CodeIgniter.php(936): App\Controllers\Regulamento->index()
#4 /Users/everton/MAPP/apache2/htdocs/bets/system/CodeIgniter.php(432): CodeIgniter\CodeIgniter->runController()
#5 /Users/everton/MAPP/apache2/htdocs/bets/system/CodeIgniter.php(333): CodeIgniter\CodeIgniter->handleRequest()
#6 /Users/everton/MAPP/apache2/htdocs/bets/index.php(44): CodeIgniter\CodeIgniter->run()
#7 {main}
CRITICAL - 2021-04-19 18:17:28 --> Invalid file: navbar.php
#0 /Users/everton/MAPP/apache2/htdocs/bets/system/View/View.php(203): CodeIgniter\Exceptions\FrameworkException::forInvalidFile()
#1 /Users/everton/MAPP/apache2/htdocs/bets/system/View/View.php(468): CodeIgniter\View\View->render()
#2 /Users/everton/MAPP/apache2/htdocs/bets/app/Views/templates/template.php(168): CodeIgniter\View\View->include()
#3 /Users/everton/MAPP/apache2/htdocs/bets/system/View/View.php(220): include('...')
#4 /Users/everton/MAPP/apache2/htdocs/bets/system/View/View.php(222): CodeIgniter\View\View->CodeIgniter\View\{closure}()
#5 /Users/everton/MAPP/apache2/htdocs/bets/system/View/View.php(236): CodeIgniter\View\View->render()
#6 /Users/everton/MAPP/apache2/htdocs/bets/system/Common.php(1217): CodeIgniter\View\View->render()
#7 /Users/everton/MAPP/apache2/htdocs/bets/app/Controllers/Dashboard.php(9): view()
#8 /Users/everton/MAPP/apache2/htdocs/bets/system/CodeIgniter.php(936): App\Controllers\Dashboard->index()
#9 /Users/everton/MAPP/apache2/htdocs/bets/system/CodeIgniter.php(432): CodeIgniter\CodeIgniter->runController()
#10 /Users/everton/MAPP/apache2/htdocs/bets/system/CodeIgniter.php(333): CodeIgniter\CodeIgniter->handleRequest()
#11 /Users/everton/MAPP/apache2/htdocs/bets/index.php(44): CodeIgniter\CodeIgniter->run()
#12 {main}
CRITICAL - 2021-04-19 18:17:29 --> Invalid file: navbar.php
#0 /Users/everton/MAPP/apache2/htdocs/bets/system/View/View.php(203): CodeIgniter\Exceptions\FrameworkException::forInvalidFile()
#1 /Users/everton/MAPP/apache2/htdocs/bets/system/View/View.php(468): CodeIgniter\View\View->render()
#2 /Users/everton/MAPP/apache2/htdocs/bets/app/Views/templates/template.php(168): CodeIgniter\View\View->include()
#3 /Users/everton/MAPP/apache2/htdocs/bets/system/View/View.php(220): include('...')
#4 /Users/everton/MAPP/apache2/htdocs/bets/system/View/View.php(222): CodeIgniter\View\View->CodeIgniter\View\{closure}()
#5 /Users/everton/MAPP/apache2/htdocs/bets/system/View/View.php(236): CodeIgniter\View\View->render()
#6 /Users/everton/MAPP/apache2/htdocs/bets/system/Common.php(1217): CodeIgniter\View\View->render()
#7 /Users/everton/MAPP/apache2/htdocs/bets/app/Controllers/Dashboard.php(9): view()
#8 /Users/everton/MAPP/apache2/htdocs/bets/system/CodeIgniter.php(936): App\Controllers\Dashboard->index()
#9 /Users/everton/MAPP/apache2/htdocs/bets/system/CodeIgniter.php(432): CodeIgniter\CodeIgniter->runController()
#10 /Users/everton/MAPP/apache2/htdocs/bets/system/CodeIgniter.php(333): CodeIgniter\CodeIgniter->handleRequest()
#11 /Users/everton/MAPP/apache2/htdocs/bets/index.php(44): CodeIgniter\CodeIgniter->run()
#12 {main}
CRITICAL - 2021-04-19 18:17:30 --> Invalid file: navbar.php
#0 /Users/everton/MAPP/apache2/htdocs/bets/system/View/View.php(203): CodeIgniter\Exceptions\FrameworkException::forInvalidFile()
#1 /Users/everton/MAPP/apache2/htdocs/bets/system/View/View.php(468): CodeIgniter\View\View->render()
#2 /Users/everton/MAPP/apache2/htdocs/bets/app/Views/templates/template.php(168): CodeIgniter\View\View->include()
#3 /Users/everton/MAPP/apache2/htdocs/bets/system/View/View.php(220): include('...')
#4 /Users/everton/MAPP/apache2/htdocs/bets/system/View/View.php(222): CodeIgniter\View\View->CodeIgniter\View\{closure}()
#5 /Users/everton/MAPP/apache2/htdocs/bets/system/View/View.php(236): CodeIgniter\View\View->render()
#6 /Users/everton/MAPP/apache2/htdocs/bets/system/Common.php(1217): CodeIgniter\View\View->render()
#7 /Users/everton/MAPP/apache2/htdocs/bets/app/Controllers/Dashboard.php(9): view()
#8 /Users/everton/MAPP/apache2/htdocs/bets/system/CodeIgniter.php(936): App\Controllers\Dashboard->index()
#9 /Users/everton/MAPP/apache2/htdocs/bets/system/CodeIgniter.php(432): CodeIgniter\CodeIgniter->runController()
#10 /Users/everton/MAPP/apache2/htdocs/bets/system/CodeIgniter.php(333): CodeIgniter\CodeIgniter->handleRequest()
#11 /Users/everton/MAPP/apache2/htdocs/bets/index.php(44): CodeIgniter\CodeIgniter->run()
#12 {main}
CRITICAL - 2021-04-19 18:17:30 --> Invalid file: navbar.php
#0 /Users/everton/MAPP/apache2/htdocs/bets/system/View/View.php(203): CodeIgniter\Exceptions\FrameworkException::forInvalidFile()
#1 /Users/everton/MAPP/apache2/htdocs/bets/system/View/View.php(468): CodeIgniter\View\View->render()
#2 /Users/everton/MAPP/apache2/htdocs/bets/app/Views/templates/template.php(168): CodeIgniter\View\View->include()
#3 /Users/everton/MAPP/apache2/htdocs/bets/system/View/View.php(220): include('...')
#4 /Users/everton/MAPP/apache2/htdocs/bets/system/View/View.php(222): CodeIgniter\View\View->CodeIgniter\View\{closure}()
#5 /Users/everton/MAPP/apache2/htdocs/bets/system/View/View.php(236): CodeIgniter\View\View->render()
#6 /Users/everton/MAPP/apache2/htdocs/bets/system/Common.php(1217): CodeIgniter\View\View->render()
#7 /Users/everton/MAPP/apache2/htdocs/bets/app/Controllers/Dashboard.php(9): view()
#8 /Users/everton/MAPP/apache2/htdocs/bets/system/CodeIgniter.php(936): App\Controllers\Dashboard->index()
#9 /Users/everton/MAPP/apache2/htdocs/bets/system/CodeIgniter.php(432): CodeIgniter\CodeIgniter->runController()
#10 /Users/everton/MAPP/apache2/htdocs/bets/system/CodeIgniter.php(333): CodeIgniter\CodeIgniter->handleRequest()
#11 /Users/everton/MAPP/apache2/htdocs/bets/index.php(44): CodeIgniter\CodeIgniter->run()
#12 {main}
CRITICAL - 2021-04-19 18:22:33 --> Invalid file: navbar.php
#0 /Users/everton/MAPP/apache2/htdocs/bets/system/View/View.php(203): CodeIgniter\Exceptions\FrameworkException::forInvalidFile()
#1 /Users/everton/MAPP/apache2/htdocs/bets/system/View/View.php(236): CodeIgniter\View\View->render()
#2 /Users/everton/MAPP/apache2/htdocs/bets/system/View/View.php(236): CodeIgniter\View\View->render()
#3 /Users/everton/MAPP/apache2/htdocs/bets/system/Common.php(1217): CodeIgniter\View\View->render()
#4 /Users/everton/MAPP/apache2/htdocs/bets/app/Controllers/Dashboard.php(9): view()
#5 /Users/everton/MAPP/apache2/htdocs/bets/system/CodeIgniter.php(936): App\Controllers\Dashboard->index()
#6 /Users/everton/MAPP/apache2/htdocs/bets/system/CodeIgniter.php(432): CodeIgniter\CodeIgniter->runController()
#7 /Users/everton/MAPP/apache2/htdocs/bets/system/CodeIgniter.php(333): CodeIgniter\CodeIgniter->handleRequest()
#8 /Users/everton/MAPP/apache2/htdocs/bets/index.php(44): CodeIgniter\CodeIgniter->run()
#9 {main}
CRITICAL - 2021-04-19 18:29:41 --> Invalid file: menu.php
#0 /Users/everton/MAPP/apache2/htdocs/bets/system/View/View.php(203): CodeIgniter\Exceptions\FrameworkException::forInvalidFile()
#1 /Users/everton/MAPP/apache2/htdocs/bets/system/View/View.php(236): CodeIgniter\View\View->render()
#2 /Users/everton/MAPP/apache2/htdocs/bets/system/View/View.php(236): CodeIgniter\View\View->render()
#3 /Users/everton/MAPP/apache2/htdocs/bets/system/Common.php(1217): CodeIgniter\View\View->render()
#4 /Users/everton/MAPP/apache2/htdocs/bets/app/Controllers/Dashboard.php(9): view()
#5 /Users/everton/MAPP/apache2/htdocs/bets/system/CodeIgniter.php(936): App\Controllers\Dashboard->index()
#6 /Users/everton/MAPP/apache2/htdocs/bets/system/CodeIgniter.php(432): CodeIgniter\CodeIgniter->runController()
#7 /Users/everton/MAPP/apache2/htdocs/bets/system/CodeIgniter.php(333): CodeIgniter\CodeIgniter->handleRequest()
#8 /Users/everton/MAPP/apache2/htdocs/bets/index.php(44): CodeIgniter\CodeIgniter->run()
#9 {main}
CRITICAL - 2021-04-19 20:41:36 --> Undefined variable $title
#0 /Users/everton/MAPP/apache2/htdocs/bets/app/Views/templates/template.php(109): CodeIgniter\Debug\Exceptions->errorHandler()
#1 /Users/everton/MAPP/apache2/htdocs/bets/system/View/View.php(220): include('...')
#2 /Users/everton/MAPP/apache2/htdocs/bets/system/View/View.php(222): CodeIgniter\View\View->CodeIgniter\View\{closure}()
#3 /Users/everton/MAPP/apache2/htdocs/bets/system/View/View.php(236): CodeIgniter\View\View->render()
#4 /Users/everton/MAPP/apache2/htdocs/bets/system/Common.php(1217): CodeIgniter\View\View->render()
#5 /Users/everton/MAPP/apache2/htdocs/bets/app/Controllers/Dashboard.php(9): view()
#6 /Users/everton/MAPP/apache2/htdocs/bets/system/CodeIgniter.php(936): App\Controllers\Dashboard->index()
#7 /Users/everton/MAPP/apache2/htdocs/bets/system/CodeIgniter.php(432): CodeIgniter\CodeIgniter->runController()
#8 /Users/everton/MAPP/apache2/htdocs/bets/system/CodeIgniter.php(333): CodeIgniter\CodeIgniter->handleRequest()
#9 /Users/everton/MAPP/apache2/htdocs/bets/index.php(44): CodeIgniter\CodeIgniter->run()
#10 {main}
CRITICAL - 2021-04-19 20:41:45 --> Undefined variable $title
#0 /Users/everton/MAPP/apache2/htdocs/bets/app/Views/templates/template.php(109): CodeIgniter\Debug\Exceptions->errorHandler()
#1 /Users/everton/MAPP/apache2/htdocs/bets/system/View/View.php(220): include('...')
#2 /Users/everton/MAPP/apache2/htdocs/bets/system/View/View.php(222): CodeIgniter\View\View->CodeIgniter\View\{closure}()
#3 /Users/everton/MAPP/apache2/htdocs/bets/system/View/View.php(236): CodeIgniter\View\View->render()
#4 /Users/everton/MAPP/apache2/htdocs/bets/system/Common.php(1217): CodeIgniter\View\View->render()
#5 /Users/everton/MAPP/apache2/htdocs/bets/app/Controllers/Dashboard.php(9): view()
#6 /Users/everton/MAPP/apache2/htdocs/bets/system/CodeIgniter.php(936): App\Controllers\Dashboard->index()
#7 /Users/everton/MAPP/apache2/htdocs/bets/system/CodeIgniter.php(432): CodeIgniter\CodeIgniter->runController()
#8 /Users/everton/MAPP/apache2/htdocs/bets/system/CodeIgniter.php(333): CodeIgniter\CodeIgniter->handleRequest()
#9 /Users/everton/MAPP/apache2/htdocs/bets/index.php(44): CodeIgniter\CodeIgniter->run()
#10 {main}
CRITICAL - 2021-04-19 20:42:18 --> Undefined variable $title
#0 /Users/everton/MAPP/apache2/htdocs/bets/app/Views/templates/template.php(109): CodeIgniter\Debug\Exceptions->errorHandler()
#1 /Users/everton/MAPP/apache2/htdocs/bets/system/View/View.php(220): include('...')
#2 /Users/everton/MAPP/apache2/htdocs/bets/system/View/View.php(222): CodeIgniter\View\View->CodeIgniter\View\{closure}()
#3 /Users/everton/MAPP/apache2/htdocs/bets/system/View/View.php(236): CodeIgniter\View\View->render()
#4 /Users/everton/MAPP/apache2/htdocs/bets/system/Common.php(1217): CodeIgniter\View\View->render()
#5 /Users/everton/MAPP/apache2/htdocs/bets/app/Controllers/Dashboard.php(9): view()
#6 /Users/everton/MAPP/apache2/htdocs/bets/system/CodeIgniter.php(936): App\Controllers\Dashboard->index()
#7 /Users/everton/MAPP/apache2/htdocs/bets/system/CodeIgniter.php(432): CodeIgniter\CodeIgniter->runController()
#8 /Users/everton/MAPP/apache2/htdocs/bets/system/CodeIgniter.php(333): CodeIgniter\CodeIgniter->handleRequest()
#9 /Users/everton/MAPP/apache2/htdocs/bets/index.php(44): CodeIgniter\CodeIgniter->run()
#10 {main}
CRITICAL - 2021-04-19 20:44:01 --> Undefined variable $title
#0 /Users/everton/MAPP/apache2/htdocs/bets/app/Views/templates/template.php(109): CodeIgniter\Debug\Exceptions->errorHandler()
#1 /Users/everton/MAPP/apache2/htdocs/bets/system/View/View.php(220): include('...')
#2 /Users/everton/MAPP/apache2/htdocs/bets/system/View/View.php(222): CodeIgniter\View\View->CodeIgniter\View\{closure}()
#3 /Users/everton/MAPP/apache2/htdocs/bets/system/View/View.php(236): CodeIgniter\View\View->render()
#4 /Users/everton/MAPP/apache2/htdocs/bets/system/Common.php(1217): CodeIgniter\View\View->render()
#5 /Users/everton/MAPP/apache2/htdocs/bets/app/Controllers/Dashboard.php(9): view()
#6 /Users/everton/MAPP/apache2/htdocs/bets/system/CodeIgniter.php(936): App\Controllers\Dashboard->index()
#7 /Users/everton/MAPP/apache2/htdocs/bets/system/CodeIgniter.php(432): CodeIgniter\CodeIgniter->runController()
#8 /Users/everton/MAPP/apache2/htdocs/bets/system/CodeIgniter.php(333): CodeIgniter\CodeIgniter->handleRequest()
#9 /Users/everton/MAPP/apache2/htdocs/bets/index.php(44): CodeIgniter\CodeIgniter->run()
#10 {main}
CRITICAL - 2021-04-19 20:44:01 --> Undefined variable $title
#0 /Users/everton/MAPP/apache2/htdocs/bets/app/Views/templates/template.php(109): CodeIgniter\Debug\Exceptions->errorHandler()
#1 /Users/everton/MAPP/apache2/htdocs/bets/system/View/View.php(220): include('...')
#2 /Users/everton/MAPP/apache2/htdocs/bets/system/View/View.php(222): CodeIgniter\View\View->CodeIgniter\View\{closure}()
#3 /Users/everton/MAPP/apache2/htdocs/bets/system/View/View.php(236): CodeIgniter\View\View->render()
#4 /Users/everton/MAPP/apache2/htdocs/bets/system/Common.php(1217): CodeIgniter\View\View->render()
#5 /Users/everton/MAPP/apache2/htdocs/bets/app/Controllers/Dashboard.php(9): view()
#6 /Users/everton/MAPP/apache2/htdocs/bets/system/CodeIgniter.php(936): App\Controllers\Dashboard->index()
#7 /Users/everton/MAPP/apache2/htdocs/bets/system/CodeIgniter.php(432): CodeIgniter\CodeIgniter->runController()
#8 /Users/everton/MAPP/apache2/htdocs/bets/system/CodeIgniter.php(333): CodeIgniter\CodeIgniter->handleRequest()
#9 /Users/everton/MAPP/apache2/htdocs/bets/index.php(44): CodeIgniter\CodeIgniter->run()
#10 {main}
CRITICAL - 2021-04-19 20:44:07 --> Undefined variable $title
#0 /Users/everton/MAPP/apache2/htdocs/bets/app/Views/templates/template.php(109): CodeIgniter\Debug\Exceptions->errorHandler()
#1 /Users/everton/MAPP/apache2/htdocs/bets/system/View/View.php(220): include('...')
#2 /Users/everton/MAPP/apache2/htdocs/bets/system/View/View.php(222): CodeIgniter\View\View->CodeIgniter\View\{closure}()
#3 /Users/everton/MAPP/apache2/htdocs/bets/system/View/View.php(236): CodeIgniter\View\View->render()
#4 /Users/everton/MAPP/apache2/htdocs/bets/system/Common.php(1217): CodeIgniter\View\View->render()
#5 /Users/everton/MAPP/apache2/htdocs/bets/app/Controllers/Dashboard.php(9): view()
#6 /Users/everton/MAPP/apache2/htdocs/bets/system/CodeIgniter.php(936): App\Controllers\Dashboard->index()
#7 /Users/everton/MAPP/apache2/htdocs/bets/system/CodeIgniter.php(432): CodeIgniter\CodeIgniter->runController()
#8 /Users/everton/MAPP/apache2/htdocs/bets/system/CodeIgniter.php(333): CodeIgniter\CodeIgniter->handleRequest()
#9 /Users/everton/MAPP/apache2/htdocs/bets/index.php(44): CodeIgniter\CodeIgniter->run()
#10 {main}
CRITICAL - 2021-04-19 20:44:21 --> Undefined variable $title
#0 /Users/everton/MAPP/apache2/htdocs/bets/app/Views/templates/template.php(109): CodeIgniter\Debug\Exceptions->errorHandler()
#1 /Users/everton/MAPP/apache2/htdocs/bets/system/View/View.php(220): include('...')
#2 /Users/everton/MAPP/apache2/htdocs/bets/system/View/View.php(222): CodeIgniter\View\View->CodeIgniter\View\{closure}()
#3 /Users/everton/MAPP/apache2/htdocs/bets/system/View/View.php(236): CodeIgniter\View\View->render()
#4 /Users/everton/MAPP/apache2/htdocs/bets/system/Common.php(1217): CodeIgniter\View\View->render()
#5 /Users/everton/MAPP/apache2/htdocs/bets/app/Controllers/Dashboard.php(9): view()
#6 /Users/everton/MAPP/apache2/htdocs/bets/system/CodeIgniter.php(936): App\Controllers\Dashboard->index()
#7 /Users/everton/MAPP/apache2/htdocs/bets/system/CodeIgniter.php(432): CodeIgniter\CodeIgniter->runController()
#8 /Users/everton/MAPP/apache2/htdocs/bets/system/CodeIgniter.php(333): CodeIgniter\CodeIgniter->handleRequest()
#9 /Users/everton/MAPP/apache2/htdocs/bets/index.php(44): CodeIgniter\CodeIgniter->run()
#10 {main}
CRITICAL - 2021-04-19 20:44:22 --> Undefined variable $title
#0 /Users/everton/MAPP/apache2/htdocs/bets/app/Views/templates/template.php(109): CodeIgniter\Debug\Exceptions->errorHandler()
#1 /Users/everton/MAPP/apache2/htdocs/bets/system/View/View.php(220): include('...')
#2 /Users/everton/MAPP/apache2/htdocs/bets/system/View/View.php(222): CodeIgniter\View\View->CodeIgniter\View\{closure}()
#3 /Users/everton/MAPP/apache2/htdocs/bets/system/View/View.php(236): CodeIgniter\View\View->render()
#4 /Users/everton/MAPP/apache2/htdocs/bets/system/Common.php(1217): CodeIgniter\View\View->render()
#5 /Users/everton/MAPP/apache2/htdocs/bets/app/Controllers/Dashboard.php(9): view()
#6 /Users/everton/MAPP/apache2/htdocs/bets/system/CodeIgniter.php(936): App\Controllers\Dashboard->index()
#7 /Users/everton/MAPP/apache2/htdocs/bets/system/CodeIgniter.php(432): CodeIgniter\CodeIgniter->runController()
#8 /Users/everton/MAPP/apache2/htdocs/bets/system/CodeIgniter.php(333): CodeIgniter\CodeIgniter->handleRequest()
#9 /Users/everton/MAPP/apache2/htdocs/bets/index.php(44): CodeIgniter\CodeIgniter->run()
#10 {main}
CRITICAL - 2021-04-19 20:44:22 --> Undefined variable $title
#0 /Users/everton/MAPP/apache2/htdocs/bets/app/Views/templates/template.php(109): CodeIgniter\Debug\Exceptions->errorHandler()
#1 /Users/everton/MAPP/apache2/htdocs/bets/system/View/View.php(220): include('...')
#2 /Users/everton/MAPP/apache2/htdocs/bets/system/View/View.php(222): CodeIgniter\View\View->CodeIgniter\View\{closure}()
#3 /Users/everton/MAPP/apache2/htdocs/bets/system/View/View.php(236): CodeIgniter\View\View->render()
#4 /Users/everton/MAPP/apache2/htdocs/bets/system/Common.php(1217): CodeIgniter\View\View->render()
#5 /Users/everton/MAPP/apache2/htdocs/bets/app/Controllers/Dashboard.php(9): view()
#6 /Users/everton/MAPP/apache2/htdocs/bets/system/CodeIgniter.php(936): App\Controllers\Dashboard->index()
#7 /Users/everton/MAPP/apache2/htdocs/bets/system/CodeIgniter.php(432): CodeIgniter\CodeIgniter->runController()
#8 /Users/everton/MAPP/apache2/htdocs/bets/system/CodeIgniter.php(333): CodeIgniter\CodeIgniter->handleRequest()
#9 /Users/everton/MAPP/apache2/htdocs/bets/index.php(44): CodeIgniter\CodeIgniter->run()
#10 {main}
CRITICAL - 2021-04-19 20:44:22 --> Undefined variable $title
#0 /Users/everton/MAPP/apache2/htdocs/bets/app/Views/templates/template.php(109): CodeIgniter\Debug\Exceptions->errorHandler()
#1 /Users/everton/MAPP/apache2/htdocs/bets/system/View/View.php(220): include('...')
#2 /Users/everton/MAPP/apache2/htdocs/bets/system/View/View.php(222): CodeIgniter\View\View->CodeIgniter\View\{closure}()
#3 /Users/everton/MAPP/apache2/htdocs/bets/system/View/View.php(236): CodeIgniter\View\View->render()
#4 /Users/everton/MAPP/apache2/htdocs/bets/system/Common.php(1217): CodeIgniter\View\View->render()
#5 /Users/everton/MAPP/apache2/htdocs/bets/app/Controllers/Dashboard.php(9): view()
#6 /Users/everton/MAPP/apache2/htdocs/bets/system/CodeIgniter.php(936): App\Controllers\Dashboard->index()
#7 /Users/everton/MAPP/apache2/htdocs/bets/system/CodeIgniter.php(432): CodeIgniter\CodeIgniter->runController()
#8 /Users/everton/MAPP/apache2/htdocs/bets/system/CodeIgniter.php(333): CodeIgniter\CodeIgniter->handleRequest()
#9 /Users/everton/MAPP/apache2/htdocs/bets/index.php(44): CodeIgniter\CodeIgniter->run()
#10 {main}
CRITICAL - 2021-04-19 20:44:22 --> Undefined variable $title
#0 /Users/everton/MAPP/apache2/htdocs/bets/app/Views/templates/template.php(109): CodeIgniter\Debug\Exceptions->errorHandler()
#1 /Users/everton/MAPP/apache2/htdocs/bets/system/View/View.php(220): include('...')
#2 /Users/everton/MAPP/apache2/htdocs/bets/system/View/View.php(222): CodeIgniter\View\View->CodeIgniter\View\{closure}()
#3 /Users/everton/MAPP/apache2/htdocs/bets/system/View/View.php(236): CodeIgniter\View\View->render()
#4 /Users/everton/MAPP/apache2/htdocs/bets/system/Common.php(1217): CodeIgniter\View\View->render()
#5 /Users/everton/MAPP/apache2/htdocs/bets/app/Controllers/Dashboard.php(9): view()
#6 /Users/everton/MAPP/apache2/htdocs/bets/system/CodeIgniter.php(936): App\Controllers\Dashboard->index()
#7 /Users/everton/MAPP/apache2/htdocs/bets/system/CodeIgniter.php(432): CodeIgniter\CodeIgniter->runController()
#8 /Users/everton/MAPP/apache2/htdocs/bets/system/CodeIgniter.php(333): CodeIgniter\CodeIgniter->handleRequest()
#9 /Users/everton/MAPP/apache2/htdocs/bets/index.php(44): CodeIgniter\CodeIgniter->run()
#10 {main}
CRITICAL - 2021-04-19 20:44:22 --> Undefined variable $title
#0 /Users/everton/MAPP/apache2/htdocs/bets/app/Views/templates/template.php(109): CodeIgniter\Debug\Exceptions->errorHandler()
#1 /Users/everton/MAPP/apache2/htdocs/bets/system/View/View.php(220): include('...')
#2 /Users/everton/MAPP/apache2/htdocs/bets/system/View/View.php(222): CodeIgniter\View\View->CodeIgniter\View\{closure}()
#3 /Users/everton/MAPP/apache2/htdocs/bets/system/View/View.php(236): CodeIgniter\View\View->render()
#4 /Users/everton/MAPP/apache2/htdocs/bets/system/Common.php(1217): CodeIgniter\View\View->render()
#5 /Users/everton/MAPP/apache2/htdocs/bets/app/Controllers/Dashboard.php(9): view()
#6 /Users/everton/MAPP/apache2/htdocs/bets/system/CodeIgniter.php(936): App\Controllers\Dashboard->index()
#7 /Users/everton/MAPP/apache2/htdocs/bets/system/CodeIgniter.php(432): CodeIgniter\CodeIgniter->runController()
#8 /Users/everton/MAPP/apache2/htdocs/bets/system/CodeIgniter.php(333): CodeIgniter\CodeIgniter->handleRequest()
#9 /Users/everton/MAPP/apache2/htdocs/bets/index.php(44): CodeIgniter\CodeIgniter->run()
#10 {main}
CRITICAL - 2021-04-19 20:45:24 --> Undefined variable $title
#0 /Users/everton/MAPP/apache2/htdocs/bets/app/Views/templates/template.php(110): CodeIgniter\Debug\Exceptions->errorHandler()
#1 /Users/everton/MAPP/apache2/htdocs/bets/system/View/View.php(220): include('...')
#2 /Users/everton/MAPP/apache2/htdocs/bets/system/View/View.php(222): CodeIgniter\View\View->CodeIgniter\View\{closure}()
#3 /Users/everton/MAPP/apache2/htdocs/bets/system/View/View.php(236): CodeIgniter\View\View->render()
#4 /Users/everton/MAPP/apache2/htdocs/bets/system/Common.php(1217): CodeIgniter\View\View->render()
#5 /Users/everton/MAPP/apache2/htdocs/bets/app/Controllers/Dashboard.php(9): view()
#6 /Users/everton/MAPP/apache2/htdocs/bets/system/CodeIgniter.php(936): App\Controllers\Dashboard->index()
#7 /Users/everton/MAPP/apache2/htdocs/bets/system/CodeIgniter.php(432): CodeIgniter\CodeIgniter->runController()
#8 /Users/everton/MAPP/apache2/htdocs/bets/system/CodeIgniter.php(333): CodeIgniter\CodeIgniter->handleRequest()
#9 /Users/everton/MAPP/apache2/htdocs/bets/index.php(44): CodeIgniter\CodeIgniter->run()
#10 {main}
